<?xml version="1.0" encoding="UTF-8"?>
<!-- Generated by org.testng.reporters.JUnitReportReporter -->
<testsuite hostname="LAPTOP-BDA2JK8V" failures="0" tests="1" name="com.tests.LoginTest" time="1.059" errors="0" timestamp="2023-07-31T17:30:22 IST" skipped="0">
  <testcase classname="com.tests.LoginTest" name="test01" time="1.059"/>
  <system-out/>
</testsuite> <!-- com.tests.LoginTest -->
